{"/home/rodhey/Documents/Hacktive8/Bootcamp/calculatrip/server/app.js": {"path":"/home/rodhey/Documents/Hacktive8/Bootcamp/calculatrip/server/app.js","statementMap":{"0":{"start":{"line":1,"column":0},"end":{"line":3,"column":1}},"1":{"start":{"line":2,"column":2},"end":{"line":2,"column":28}},"2":{"start":{"line":4,"column":16},"end":{"line":4,"column":34}},"3":{"start":{"line":5,"column":12},"end":{"line":5,"column":21}},"4":{"start":{"line":7,"column":13},"end":{"line":7,"column":28}},"5":{"start":{"line":9,"column":15},"end":{"line":9,"column":40}},"6":{"start":{"line":10,"column":21},"end":{"line":10,"column":58}},"7":{"start":{"line":12,"column":0},"end":{"line":12,"column":15}},"8":{"start":{"line":13,"column":0},"end":{"line":13,"column":23}},"9":{"start":{"line":14,"column":0},"end":{"line":16,"column":3}},"10":{"start":{"line":18,"column":0},"end":{"line":18,"column":15}},"11":{"start":{"line":20,"column":0},"end":{"line":20,"column":21}},"12":{"start":{"line":26,"column":0},"end":{"line":26,"column":20}}},"fnMap":{},"branchMap":{"0":{"loc":{"start":{"line":1,"column":0},"end":{"line":3,"column":1}},"type":"if","locations":[{"start":{"line":1,"column":0},"end":{"line":3,"column":1}},{"start":{},"end":{}}],"line":1}},"s":{"0":1,"1":1,"2":1,"3":1,"4":1,"5":1,"6":1,"7":1,"8":1,"9":1,"10":1,"11":1,"12":1},"f":{},"b":{"0":[1,0]},"_coverageSchema":"1a1c01bbd47fc00a2c39e90264f33305004495a9","hash":"317d424e1833b73e6ae0cc947d5447f6ca92ad0c"}
,"/home/rodhey/Documents/Hacktive8/Bootcamp/calculatrip/server/controllers/exchangeRateController.js": {"path":"/home/rodhey/Documents/Hacktive8/Bootcamp/calculatrip/server/controllers/exchangeRateController.js","statementMap":{"0":{"start":{"line":1,"column":14},"end":{"line":1,"column":30}},"1":{"start":{"line":6,"column":8},"end":{"line":11,"column":9}},"2":{"start":{"line":7,"column":27},"end":{"line":7,"column":83}},"3":{"start":{"line":8,"column":12},"end":{"line":8,"column":53}},"4":{"start":{"line":10,"column":12},"end":{"line":10,"column":21}},"5":{"start":{"line":14,"column":8},"end":{"line":40,"column":9}},"6":{"start":{"line":19,"column":16},"end":{"line":19,"column":24}},"7":{"start":{"line":20,"column":12},"end":{"line":22,"column":13}},"8":{"start":{"line":20,"column":23},"end":{"line":22,"column":13}},"9":{"start":{"line":23,"column":12},"end":{"line":25,"column":13}},"10":{"start":{"line":23,"column":21},"end":{"line":25,"column":13}},"11":{"start":{"line":26,"column":12},"end":{"line":28,"column":13}},"12":{"start":{"line":26,"column":25},"end":{"line":28,"column":13}},"13":{"start":{"line":29,"column":27},"end":{"line":29,"column":122}},"14":{"start":{"line":31,"column":12},"end":{"line":37,"column":14}},"15":{"start":{"line":39,"column":12},"end":{"line":39,"column":21}},"16":{"start":{"line":44,"column":8},"end":{"line":56,"column":9}},"17":{"start":{"line":47,"column":16},"end":{"line":47,"column":26}},"18":{"start":{"line":48,"column":27},"end":{"line":48,"column":95}},"19":{"start":{"line":49,"column":12},"end":{"line":53,"column":14}},"20":{"start":{"line":55,"column":12},"end":{"line":55,"column":21}},"21":{"start":{"line":60,"column":0},"end":{"line":60,"column":39}}},"fnMap":{"0":{"name":"(anonymous_0)","decl":{"start":{"line":5,"column":4},"end":{"line":5,"column":5}},"loc":{"start":{"line":5,"column":44},"end":{"line":12,"column":5}},"line":5},"1":{"name":"(anonymous_1)","decl":{"start":{"line":13,"column":4},"end":{"line":13,"column":5}},"loc":{"start":{"line":13,"column":46},"end":{"line":41,"column":5}},"line":13},"2":{"name":"(anonymous_2)","decl":{"start":{"line":43,"column":4},"end":{"line":43,"column":5}},"loc":{"start":{"line":43,"column":47},"end":{"line":57,"column":5}},"line":43}},"branchMap":{"0":{"loc":{"start":{"line":20,"column":12},"end":{"line":22,"column":13}},"type":"if","locations":[{"start":{"line":20,"column":12},"end":{"line":22,"column":13}},{"start":{},"end":{}}],"line":20},"1":{"loc":{"start":{"line":23,"column":12},"end":{"line":25,"column":13}},"type":"if","locations":[{"start":{"line":23,"column":12},"end":{"line":25,"column":13}},{"start":{},"end":{}}],"line":23},"2":{"loc":{"start":{"line":26,"column":12},"end":{"line":28,"column":13}},"type":"if","locations":[{"start":{"line":26,"column":12},"end":{"line":28,"column":13}},{"start":{},"end":{}}],"line":26}},"s":{"0":1,"1":0,"2":0,"3":0,"4":0,"5":0,"6":0,"7":0,"8":0,"9":0,"10":0,"11":0,"12":0,"13":0,"14":0,"15":0,"16":0,"17":0,"18":0,"19":0,"20":0,"21":1},"f":{"0":0,"1":0,"2":0},"b":{"0":[0,0],"1":[0,0],"2":[0,0]},"_coverageSchema":"1a1c01bbd47fc00a2c39e90264f33305004495a9","hash":"8192f7d2d2ce7ea1cf712643cc15a40951cee7cc"}
,"/home/rodhey/Documents/Hacktive8/Bootcamp/calculatrip/server/controllers/tripControllers.js": {"path":"/home/rodhey/Documents/Hacktive8/Bootcamp/calculatrip/server/controllers/tripControllers.js","statementMap":{"0":{"start":{"line":1,"column":99},"end":{"line":1,"column":125}},"1":{"start":{"line":7,"column":14},"end":{"line":7,"column":43}},"2":{"start":{"line":8,"column":4},"end":{"line":44,"column":5}},"3":{"start":{"line":16,"column":10},"end":{"line":16,"column":18}},"4":{"start":{"line":18,"column":22},"end":{"line":25,"column":27}},"5":{"start":{"line":27,"column":6},"end":{"line":32,"column":28}},"6":{"start":{"line":34,"column":6},"end":{"line":34,"column":22}},"7":{"start":{"line":35,"column":6},"end":{"line":37,"column":8}},"8":{"start":{"line":40,"column":6},"end":{"line":40,"column":43}},"9":{"start":{"line":41,"column":6},"end":{"line":41,"column":24}},"10":{"start":{"line":43,"column":6},"end":{"line":43,"column":15}},"11":{"start":{"line":48,"column":4},"end":{"line":64,"column":5}},"12":{"start":{"line":49,"column":20},"end":{"line":60,"column":8}},"13":{"start":{"line":61,"column":6},"end":{"line":61,"column":33}},"14":{"start":{"line":63,"column":6},"end":{"line":63,"column":15}},"15":{"start":{"line":68,"column":0},"end":{"line":68,"column":31}}},"fnMap":{"0":{"name":"(anonymous_0)","decl":{"start":{"line":5,"column":2},"end":{"line":5,"column":3}},"loc":{"start":{"line":5,"column":37},"end":{"line":45,"column":3}},"line":5},"1":{"name":"(anonymous_1)","decl":{"start":{"line":47,"column":2},"end":{"line":47,"column":3}},"loc":{"start":{"line":47,"column":37},"end":{"line":65,"column":3}},"line":47}},"branchMap":{},"s":{"0":1,"1":0,"2":0,"3":0,"4":0,"5":0,"6":0,"7":0,"8":0,"9":0,"10":0,"11":0,"12":0,"13":0,"14":0,"15":1},"f":{"0":0,"1":0},"b":{},"_coverageSchema":"1a1c01bbd47fc00a2c39e90264f33305004495a9","hash":"a88a8eaac1394d23cf42bbf96fa62214c3d89b84"}
,"/home/rodhey/Documents/Hacktive8/Bootcamp/calculatrip/server/controllers/userControllers.js": {"path":"/home/rodhey/Documents/Hacktive8/Bootcamp/calculatrip/server/controllers/userControllers.js","statementMap":{"0":{"start":{"line":3,"column":4},"end":{"line":3,"column":30}},"1":{"start":{"line":6,"column":4},"end":{"line":6,"column":32}},"2":{"start":{"line":9,"column":4},"end":{"line":9,"column":29}},"3":{"start":{"line":13,"column":8},"end":{"line":30,"column":9}},"4":{"start":{"line":14,"column":24},"end":{"line":21,"column":13}},"5":{"start":{"line":22,"column":25},"end":{"line":22,"column":49}},"6":{"start":{"line":23,"column":12},"end":{"line":27,"column":14}},"7":{"start":{"line":29,"column":12},"end":{"line":29,"column":21}},"8":{"start":{"line":34,"column":8},"end":{"line":87,"column":9}},"9":{"start":{"line":35,"column":24},"end":{"line":38,"column":13}},"10":{"start":{"line":39,"column":12},"end":{"line":43,"column":13}},"11":{"start":{"line":40,"column":16},"end":{"line":42,"column":17}},"12":{"start":{"line":44,"column":12},"end":{"line":48,"column":13}},"13":{"start":{"line":45,"column":16},"end":{"line":47,"column":17}},"14":{"start":{"line":49,"column":23},"end":{"line":53,"column":14}},"15":{"start":{"line":54,"column":12},"end":{"line":60,"column":13}},"16":{"start":{"line":55,"column":16},"end":{"line":59,"column":19}},"17":{"start":{"line":61,"column":12},"end":{"line":65,"column":13}},"18":{"start":{"line":62,"column":16},"end":{"line":64,"column":17}},"19":{"start":{"line":66,"column":12},"end":{"line":70,"column":13}},"20":{"start":{"line":67,"column":16},"end":{"line":69,"column":17}},"21":{"start":{"line":71,"column":24},"end":{"line":75,"column":13}},"22":{"start":{"line":76,"column":12},"end":{"line":76,"column":38}},"23":{"start":{"line":77,"column":12},"end":{"line":81,"column":13}},"24":{"start":{"line":78,"column":16},"end":{"line":80,"column":17}},"25":{"start":{"line":82,"column":12},"end":{"line":84,"column":15}},"26":{"start":{"line":86,"column":12},"end":{"line":86,"column":21}},"27":{"start":{"line":91,"column":8},"end":{"line":103,"column":9}},"28":{"start":{"line":92,"column":26},"end":{"line":99,"column":14}},"29":{"start":{"line":100,"column":12},"end":{"line":100,"column":39}},"30":{"start":{"line":102,"column":12},"end":{"line":102,"column":21}},"31":{"start":{"line":107,"column":8},"end":{"line":137,"column":9}},"32":{"start":{"line":110,"column":16},"end":{"line":110,"column":26}},"33":{"start":{"line":111,"column":23},"end":{"line":118,"column":14}},"34":{"start":{"line":119,"column":12},"end":{"line":128,"column":13}},"35":{"start":{"line":120,"column":16},"end":{"line":127,"column":19}},"36":{"start":{"line":129,"column":12},"end":{"line":133,"column":13}},"37":{"start":{"line":130,"column":16},"end":{"line":132,"column":17}},"38":{"start":{"line":134,"column":12},"end":{"line":134,"column":38}},"39":{"start":{"line":136,"column":12},"end":{"line":136,"column":21}},"40":{"start":{"line":141,"column":8},"end":{"line":153,"column":9}},"41":{"start":{"line":142,"column":25},"end":{"line":149,"column":14}},"42":{"start":{"line":150,"column":12},"end":{"line":150,"column":38}},"43":{"start":{"line":152,"column":12},"end":{"line":152,"column":21}},"44":{"start":{"line":157,"column":8},"end":{"line":183,"column":9}},"45":{"start":{"line":158,"column":25},"end":{"line":158,"column":39}},"46":{"start":{"line":159,"column":24},"end":{"line":166,"column":13}},"47":{"start":{"line":167,"column":30},"end":{"line":167,"column":58}},"48":{"start":{"line":168,"column":12},"end":{"line":170,"column":13}},"49":{"start":{"line":168,"column":28},"end":{"line":170,"column":13}},"50":{"start":{"line":171,"column":25},"end":{"line":177,"column":14}},"51":{"start":{"line":178,"column":12},"end":{"line":180,"column":14}},"52":{"start":{"line":182,"column":12},"end":{"line":182,"column":21}},"53":{"start":{"line":187,"column":0},"end":{"line":187,"column":31}}},"fnMap":{"0":{"name":"(anonymous_0)","decl":{"start":{"line":12,"column":4},"end":{"line":12,"column":5}},"loc":{"start":{"line":12,"column":46},"end":{"line":31,"column":5}},"line":12},"1":{"name":"(anonymous_1)","decl":{"start":{"line":33,"column":4},"end":{"line":33,"column":5}},"loc":{"start":{"line":33,"column":43},"end":{"line":88,"column":5}},"line":33},"2":{"name":"(anonymous_2)","decl":{"start":{"line":90,"column":4},"end":{"line":90,"column":5}},"loc":{"start":{"line":90,"column":42},"end":{"line":104,"column":5}},"line":90},"3":{"name":"(anonymous_3)","decl":{"start":{"line":106,"column":4},"end":{"line":106,"column":5}},"loc":{"start":{"line":106,"column":48},"end":{"line":138,"column":5}},"line":106},"4":{"name":"(anonymous_4)","decl":{"start":{"line":140,"column":4},"end":{"line":140,"column":5}},"loc":{"start":{"line":140,"column":48},"end":{"line":154,"column":5}},"line":140},"5":{"name":"(anonymous_5)","decl":{"start":{"line":156,"column":4},"end":{"line":156,"column":5}},"loc":{"start":{"line":156,"column":42},"end":{"line":184,"column":5}},"line":156}},"branchMap":{"0":{"loc":{"start":{"line":39,"column":12},"end":{"line":43,"column":13}},"type":"if","locations":[{"start":{"line":39,"column":12},"end":{"line":43,"column":13}},{"start":{},"end":{}}],"line":39},"1":{"loc":{"start":{"line":44,"column":12},"end":{"line":48,"column":13}},"type":"if","locations":[{"start":{"line":44,"column":12},"end":{"line":48,"column":13}},{"start":{},"end":{}}],"line":44},"2":{"loc":{"start":{"line":54,"column":12},"end":{"line":60,"column":13}},"type":"if","locations":[{"start":{"line":54,"column":12},"end":{"line":60,"column":13}},{"start":{},"end":{}}],"line":54},"3":{"loc":{"start":{"line":61,"column":12},"end":{"line":65,"column":13}},"type":"if","locations":[{"start":{"line":61,"column":12},"end":{"line":65,"column":13}},{"start":{},"end":{}}],"line":61},"4":{"loc":{"start":{"line":66,"column":12},"end":{"line":70,"column":13}},"type":"if","locations":[{"start":{"line":66,"column":12},"end":{"line":70,"column":13}},{"start":{},"end":{}}],"line":66},"5":{"loc":{"start":{"line":77,"column":12},"end":{"line":81,"column":13}},"type":"if","locations":[{"start":{"line":77,"column":12},"end":{"line":81,"column":13}},{"start":{},"end":{}}],"line":77},"6":{"loc":{"start":{"line":119,"column":12},"end":{"line":128,"column":13}},"type":"if","locations":[{"start":{"line":119,"column":12},"end":{"line":128,"column":13}},{"start":{},"end":{}}],"line":119},"7":{"loc":{"start":{"line":129,"column":12},"end":{"line":133,"column":13}},"type":"if","locations":[{"start":{"line":129,"column":12},"end":{"line":133,"column":13}},{"start":{},"end":{}}],"line":129},"8":{"loc":{"start":{"line":168,"column":12},"end":{"line":170,"column":13}},"type":"if","locations":[{"start":{"line":168,"column":12},"end":{"line":170,"column":13}},{"start":{},"end":{}}],"line":168}},"s":{"0":1,"1":1,"2":1,"3":10,"4":10,"5":10,"6":1,"7":9,"8":4,"9":4,"10":4,"11":1,"12":3,"13":1,"14":2,"15":2,"16":0,"17":2,"18":0,"19":2,"20":1,"21":1,"22":1,"23":1,"24":0,"25":1,"26":3,"27":0,"28":0,"29":0,"30":0,"31":0,"32":0,"33":0,"34":0,"35":0,"36":0,"37":0,"38":0,"39":0,"40":0,"41":0,"42":0,"43":0,"44":0,"45":0,"46":0,"47":0,"48":0,"49":0,"50":0,"51":0,"52":0,"53":1},"f":{"0":10,"1":4,"2":0,"3":0,"4":0,"5":0},"b":{"0":[1,3],"1":[1,2],"2":[0,2],"3":[0,2],"4":[1,1],"5":[0,1],"6":[0,0],"7":[0,0],"8":[0,0]},"_coverageSchema":"1a1c01bbd47fc00a2c39e90264f33305004495a9","hash":"859ee87c6e4c8c71e6cc94eeccba6fb3ded6f014"}
,"/home/rodhey/Documents/Hacktive8/Bootcamp/calculatrip/server/helpers/bcrypt.js": {"path":"/home/rodhey/Documents/Hacktive8/Bootcamp/calculatrip/server/helpers/bcrypt.js","statementMap":{"0":{"start":{"line":1,"column":16},"end":{"line":1,"column":35}},"1":{"start":{"line":4,"column":20},"end":{"line":6,"column":1}},"2":{"start":{"line":5,"column":4},"end":{"line":5,"column":46}},"3":{"start":{"line":8,"column":24},"end":{"line":10,"column":1}},"4":{"start":{"line":9,"column":4},"end":{"line":9,"column":52}},"5":{"start":{"line":13,"column":0},"end":{"line":16,"column":1}}},"fnMap":{"0":{"name":"(anonymous_0)","decl":{"start":{"line":4,"column":20},"end":{"line":4,"column":21}},"loc":{"start":{"line":4,"column":40},"end":{"line":6,"column":1}},"line":4},"1":{"name":"(anonymous_1)","decl":{"start":{"line":8,"column":24},"end":{"line":8,"column":25}},"loc":{"start":{"line":8,"column":50},"end":{"line":10,"column":1}},"line":8}},"branchMap":{},"s":{"0":1,"1":1,"2":3,"3":1,"4":2,"5":1},"f":{"0":3,"1":2},"b":{},"_coverageSchema":"1a1c01bbd47fc00a2c39e90264f33305004495a9","hash":"41fde8fd1d84ec865ec5196b239f51eae9877b95"}
,"/home/rodhey/Documents/Hacktive8/Bootcamp/calculatrip/server/helpers/jwt.js": {"path":"/home/rodhey/Documents/Hacktive8/Bootcamp/calculatrip/server/helpers/jwt.js","statementMap":{"0":{"start":{"line":1,"column":12},"end":{"line":1,"column":35}},"1":{"start":{"line":2,"column":12},"end":{"line":2,"column":33}},"2":{"start":{"line":5,"column":20},"end":{"line":7,"column":1}},"3":{"start":{"line":6,"column":4},"end":{"line":6,"column":33}},"4":{"start":{"line":9,"column":18},"end":{"line":11,"column":1}},"5":{"start":{"line":10,"column":4},"end":{"line":10,"column":33}},"6":{"start":{"line":13,"column":0},"end":{"line":16,"column":1}}},"fnMap":{"0":{"name":"(anonymous_0)","decl":{"start":{"line":5,"column":20},"end":{"line":5,"column":21}},"loc":{"start":{"line":5,"column":33},"end":{"line":7,"column":1}},"line":5},"1":{"name":"(anonymous_1)","decl":{"start":{"line":9,"column":18},"end":{"line":9,"column":19}},"loc":{"start":{"line":9,"column":29},"end":{"line":11,"column":1}},"line":9}},"branchMap":{},"s":{"0":1,"1":1,"2":1,"3":1,"4":1,"5":0,"6":1},"f":{"0":1,"1":0},"b":{},"_coverageSchema":"1a1c01bbd47fc00a2c39e90264f33305004495a9","hash":"6b5ac60ab1d7da63a9095843a4543599156c094a"}
,"/home/rodhey/Documents/Hacktive8/Bootcamp/calculatrip/server/middlewares/Authentication.js": {"path":"/home/rodhey/Documents/Hacktive8/Bootcamp/calculatrip/server/middlewares/Authentication.js","statementMap":{"0":{"start":{"line":3,"column":4},"end":{"line":3,"column":29}},"1":{"start":{"line":7,"column":4},"end":{"line":7,"column":30}},"2":{"start":{"line":10,"column":23},"end":{"line":38,"column":1}},"3":{"start":{"line":13,"column":8},"end":{"line":13,"column":19}},"4":{"start":{"line":14,"column":4},"end":{"line":36,"column":5}},"5":{"start":{"line":15,"column":8},"end":{"line":17,"column":9}},"6":{"start":{"line":15,"column":27},"end":{"line":17,"column":9}},"7":{"start":{"line":18,"column":23},"end":{"line":18,"column":46}},"8":{"start":{"line":19,"column":8},"end":{"line":21,"column":9}},"9":{"start":{"line":19,"column":21},"end":{"line":21,"column":9}},"10":{"start":{"line":22,"column":21},"end":{"line":22,"column":51}},"11":{"start":{"line":23,"column":8},"end":{"line":27,"column":9}},"12":{"start":{"line":24,"column":12},"end":{"line":26,"column":13}},"13":{"start":{"line":28,"column":8},"end":{"line":32,"column":9}},"14":{"start":{"line":33,"column":8},"end":{"line":33,"column":14}},"15":{"start":{"line":35,"column":8},"end":{"line":35,"column":17}},"16":{"start":{"line":41,"column":0},"end":{"line":41,"column":31}}},"fnMap":{"0":{"name":"(anonymous_0)","decl":{"start":{"line":10,"column":23},"end":{"line":10,"column":24}},"loc":{"start":{"line":10,"column":49},"end":{"line":38,"column":1}},"line":10}},"branchMap":{"0":{"loc":{"start":{"line":15,"column":8},"end":{"line":17,"column":9}},"type":"if","locations":[{"start":{"line":15,"column":8},"end":{"line":17,"column":9}},{"start":{},"end":{}}],"line":15},"1":{"loc":{"start":{"line":19,"column":8},"end":{"line":21,"column":9}},"type":"if","locations":[{"start":{"line":19,"column":8},"end":{"line":21,"column":9}},{"start":{},"end":{}}],"line":19},"2":{"loc":{"start":{"line":23,"column":8},"end":{"line":27,"column":9}},"type":"if","locations":[{"start":{"line":23,"column":8},"end":{"line":27,"column":9}},{"start":{},"end":{}}],"line":23}},"s":{"0":1,"1":1,"2":1,"3":0,"4":0,"5":0,"6":0,"7":0,"8":0,"9":0,"10":0,"11":0,"12":0,"13":0,"14":0,"15":0,"16":1},"f":{"0":0},"b":{"0":[0,0],"1":[0,0],"2":[0,0]},"_coverageSchema":"1a1c01bbd47fc00a2c39e90264f33305004495a9","hash":"482e946afed97a09bcbaa1dba3b60c0168279b5b"}
,"/home/rodhey/Documents/Hacktive8/Bootcamp/calculatrip/server/middlewares/errorHandler.js": {"path":"/home/rodhey/Documents/Hacktive8/Bootcamp/calculatrip/server/middlewares/errorHandler.js","statementMap":{"0":{"start":{"line":1,"column":21},"end":{"line":42,"column":1}},"1":{"start":{"line":2,"column":17},"end":{"line":2,"column":20}},"2":{"start":{"line":3,"column":18},"end":{"line":3,"column":41}},"3":{"start":{"line":5,"column":4},"end":{"line":35,"column":5}},"4":{"start":{"line":6,"column":8},"end":{"line":6,"column":20}},"5":{"start":{"line":7,"column":8},"end":{"line":7,"column":39}},"6":{"start":{"line":8,"column":11},"end":{"line":35,"column":5}},"7":{"start":{"line":9,"column":8},"end":{"line":9,"column":20}},"8":{"start":{"line":10,"column":8},"end":{"line":10,"column":51}},"9":{"start":{"line":11,"column":11},"end":{"line":35,"column":5}},"10":{"start":{"line":12,"column":8},"end":{"line":12,"column":20}},"11":{"start":{"line":13,"column":8},"end":{"line":13,"column":33}},"12":{"start":{"line":14,"column":11},"end":{"line":35,"column":5}},"13":{"start":{"line":15,"column":8},"end":{"line":15,"column":20}},"14":{"start":{"line":16,"column":8},"end":{"line":16,"column":49}},"15":{"start":{"line":17,"column":11},"end":{"line":35,"column":5}},"16":{"start":{"line":18,"column":8},"end":{"line":18,"column":20}},"17":{"start":{"line":19,"column":8},"end":{"line":19,"column":40}},"18":{"start":{"line":20,"column":11},"end":{"line":35,"column":5}},"19":{"start":{"line":21,"column":8},"end":{"line":21,"column":20}},"20":{"start":{"line":22,"column":8},"end":{"line":22,"column":38}},"21":{"start":{"line":23,"column":11},"end":{"line":35,"column":5}},"22":{"start":{"line":24,"column":8},"end":{"line":24,"column":20}},"23":{"start":{"line":25,"column":8},"end":{"line":25,"column":34}},"24":{"start":{"line":26,"column":11},"end":{"line":35,"column":5}},"25":{"start":{"line":27,"column":8},"end":{"line":27,"column":20}},"26":{"start":{"line":28,"column":8},"end":{"line":28,"column":45}},"27":{"start":{"line":29,"column":11},"end":{"line":35,"column":5}},"28":{"start":{"line":30,"column":8},"end":{"line":30,"column":20}},"29":{"start":{"line":31,"column":8},"end":{"line":31,"column":43}},"30":{"start":{"line":32,"column":11},"end":{"line":35,"column":5}},"31":{"start":{"line":33,"column":8},"end":{"line":33,"column":20}},"32":{"start":{"line":34,"column":8},"end":{"line":34,"column":47}},"33":{"start":{"line":39,"column":4},"end":{"line":41,"column":6}},"34":{"start":{"line":44,"column":0},"end":{"line":44,"column":29}}},"fnMap":{"0":{"name":"(anonymous_0)","decl":{"start":{"line":1,"column":21},"end":{"line":1,"column":22}},"loc":{"start":{"line":1,"column":46},"end":{"line":42,"column":1}},"line":1}},"branchMap":{"0":{"loc":{"start":{"line":5,"column":4},"end":{"line":35,"column":5}},"type":"if","locations":[{"start":{"line":5,"column":4},"end":{"line":35,"column":5}},{"start":{"line":8,"column":11},"end":{"line":35,"column":5}}],"line":5},"1":{"loc":{"start":{"line":5,"column":8},"end":{"line":5,"column":96}},"type":"binary-expr","locations":[{"start":{"line":5,"column":8},"end":{"line":5,"column":47}},{"start":{"line":5,"column":51},"end":{"line":5,"column":96}}],"line":5},"2":{"loc":{"start":{"line":8,"column":11},"end":{"line":35,"column":5}},"type":"if","locations":[{"start":{"line":8,"column":11},"end":{"line":35,"column":5}},{"start":{"line":11,"column":11},"end":{"line":35,"column":5}}],"line":8},"3":{"loc":{"start":{"line":11,"column":11},"end":{"line":35,"column":5}},"type":"if","locations":[{"start":{"line":11,"column":11},"end":{"line":35,"column":5}},{"start":{"line":14,"column":11},"end":{"line":35,"column":5}}],"line":11},"4":{"loc":{"start":{"line":14,"column":11},"end":{"line":35,"column":5}},"type":"if","locations":[{"start":{"line":14,"column":11},"end":{"line":35,"column":5}},{"start":{"line":17,"column":11},"end":{"line":35,"column":5}}],"line":14},"5":{"loc":{"start":{"line":17,"column":11},"end":{"line":35,"column":5}},"type":"if","locations":[{"start":{"line":17,"column":11},"end":{"line":35,"column":5}},{"start":{"line":20,"column":11},"end":{"line":35,"column":5}}],"line":17},"6":{"loc":{"start":{"line":20,"column":11},"end":{"line":35,"column":5}},"type":"if","locations":[{"start":{"line":20,"column":11},"end":{"line":35,"column":5}},{"start":{"line":23,"column":11},"end":{"line":35,"column":5}}],"line":20},"7":{"loc":{"start":{"line":23,"column":11},"end":{"line":35,"column":5}},"type":"if","locations":[{"start":{"line":23,"column":11},"end":{"line":35,"column":5}},{"start":{"line":26,"column":11},"end":{"line":35,"column":5}}],"line":23},"8":{"loc":{"start":{"line":26,"column":11},"end":{"line":35,"column":5}},"type":"if","locations":[{"start":{"line":26,"column":11},"end":{"line":35,"column":5}},{"start":{"line":29,"column":11},"end":{"line":35,"column":5}}],"line":26},"9":{"loc":{"start":{"line":29,"column":11},"end":{"line":35,"column":5}},"type":"if","locations":[{"start":{"line":29,"column":11},"end":{"line":35,"column":5}},{"start":{"line":32,"column":11},"end":{"line":35,"column":5}}],"line":29},"10":{"loc":{"start":{"line":32,"column":11},"end":{"line":35,"column":5}},"type":"if","locations":[{"start":{"line":32,"column":11},"end":{"line":35,"column":5}},{"start":{},"end":{}}],"line":32}},"s":{"0":1,"1":12,"2":12,"3":12,"4":9,"5":9,"6":3,"7":1,"8":1,"9":2,"10":0,"11":0,"12":2,"13":1,"14":1,"15":1,"16":1,"17":1,"18":0,"19":0,"20":0,"21":0,"22":0,"23":0,"24":0,"25":0,"26":0,"27":0,"28":0,"29":0,"30":0,"31":0,"32":0,"33":12,"34":1},"f":{"0":12},"b":{"0":[9,3],"1":[12,5],"2":[1,2],"3":[0,2],"4":[1,1],"5":[1,0],"6":[0,0],"7":[0,0],"8":[0,0],"9":[0,0],"10":[0,0]},"_coverageSchema":"1a1c01bbd47fc00a2c39e90264f33305004495a9","hash":"949cb8a4f5c018dabae2eb270ff52c7c1ded5911"}
,"/home/rodhey/Documents/Hacktive8/Bootcamp/calculatrip/server/models/expense.js": {"path":"/home/rodhey/Documents/Hacktive8/Bootcamp/calculatrip/server/models/expense.js","statementMap":{"0":{"start":{"line":4,"column":4},"end":{"line":4,"column":24}},"1":{"start":{"line":5,"column":0},"end":{"line":30,"column":2}},"2":{"start":{"line":16,"column":2},"end":{"line":28,"column":5}},"3":{"start":{"line":29,"column":2},"end":{"line":29,"column":17}}},"fnMap":{"0":{"name":"(anonymous_0)","decl":{"start":{"line":5,"column":17},"end":{"line":5,"column":18}},"loc":{"start":{"line":5,"column":43},"end":{"line":30,"column":1}},"line":5},"1":{"name":"(anonymous_1)","decl":{"start":{"line":12,"column":4},"end":{"line":12,"column":5}},"loc":{"start":{"line":12,"column":29},"end":{"line":14,"column":5}},"line":12}},"branchMap":{},"s":{"0":1,"1":1,"2":1,"3":1},"f":{"0":1,"1":1},"b":{},"_coverageSchema":"1a1c01bbd47fc00a2c39e90264f33305004495a9","hash":"f5b7ff3c233ed455c42f00687fa27e2d701ca1f2"}
,"/home/rodhey/Documents/Hacktive8/Bootcamp/calculatrip/server/models/expensecategory.js": {"path":"/home/rodhey/Documents/Hacktive8/Bootcamp/calculatrip/server/models/expensecategory.js","statementMap":{"0":{"start":{"line":4,"column":4},"end":{"line":4,"column":24}},"1":{"start":{"line":5,"column":0},"end":{"line":24,"column":2}},"2":{"start":{"line":16,"column":2},"end":{"line":22,"column":5}},"3":{"start":{"line":23,"column":2},"end":{"line":23,"column":25}}},"fnMap":{"0":{"name":"(anonymous_0)","decl":{"start":{"line":5,"column":17},"end":{"line":5,"column":18}},"loc":{"start":{"line":5,"column":43},"end":{"line":24,"column":1}},"line":5},"1":{"name":"(anonymous_1)","decl":{"start":{"line":12,"column":4},"end":{"line":12,"column":5}},"loc":{"start":{"line":12,"column":29},"end":{"line":14,"column":5}},"line":12}},"branchMap":{},"s":{"0":1,"1":1,"2":1,"3":1},"f":{"0":1,"1":1},"b":{},"_coverageSchema":"1a1c01bbd47fc00a2c39e90264f33305004495a9","hash":"fe98a03b3631aef972949b3df0cef821a90fcc02"}
,"/home/rodhey/Documents/Hacktive8/Bootcamp/calculatrip/server/models/images.js": {"path":"/home/rodhey/Documents/Hacktive8/Bootcamp/calculatrip/server/models/images.js","statementMap":{"0":{"start":{"line":4,"column":4},"end":{"line":4,"column":24}},"1":{"start":{"line":5,"column":0},"end":{"line":24,"column":2}},"2":{"start":{"line":16,"column":2},"end":{"line":22,"column":5}},"3":{"start":{"line":23,"column":2},"end":{"line":23,"column":16}}},"fnMap":{"0":{"name":"(anonymous_0)","decl":{"start":{"line":5,"column":17},"end":{"line":5,"column":18}},"loc":{"start":{"line":5,"column":43},"end":{"line":24,"column":1}},"line":5},"1":{"name":"(anonymous_1)","decl":{"start":{"line":12,"column":4},"end":{"line":12,"column":5}},"loc":{"start":{"line":12,"column":29},"end":{"line":14,"column":5}},"line":12}},"branchMap":{},"s":{"0":1,"1":1,"2":1,"3":1},"f":{"0":1,"1":1},"b":{},"_coverageSchema":"1a1c01bbd47fc00a2c39e90264f33305004495a9","hash":"c1f4e72e25cfc3840072dc54abba4111ab1960c5"}
,"/home/rodhey/Documents/Hacktive8/Bootcamp/calculatrip/server/models/index.js": {"path":"/home/rodhey/Documents/Hacktive8/Bootcamp/calculatrip/server/models/index.js","statementMap":{"0":{"start":{"line":3,"column":11},"end":{"line":3,"column":24}},"1":{"start":{"line":4,"column":13},"end":{"line":4,"column":28}},"2":{"start":{"line":5,"column":18},"end":{"line":5,"column":38}},"3":{"start":{"line":6,"column":17},"end":{"line":6,"column":42}},"4":{"start":{"line":7,"column":12},"end":{"line":7,"column":49}},"5":{"start":{"line":8,"column":15},"end":{"line":8,"column":65}},"6":{"start":{"line":9,"column":11},"end":{"line":9,"column":13}},"7":{"start":{"line":12,"column":0},"end":{"line":16,"column":1}},"8":{"start":{"line":13,"column":2},"end":{"line":13,"column":74}},"9":{"start":{"line":15,"column":2},"end":{"line":15,"column":87}},"10":{"start":{"line":18,"column":0},"end":{"line":26,"column":5}},"11":{"start":{"line":21,"column":4},"end":{"line":21,"column":90}},"12":{"start":{"line":24,"column":18},"end":{"line":24,"column":85}},"13":{"start":{"line":25,"column":4},"end":{"line":25,"column":27}},"14":{"start":{"line":28,"column":0},"end":{"line":32,"column":3}},"15":{"start":{"line":29,"column":2},"end":{"line":31,"column":3}},"16":{"start":{"line":30,"column":4},"end":{"line":30,"column":32}},"17":{"start":{"line":34,"column":0},"end":{"line":34,"column":25}},"18":{"start":{"line":35,"column":0},"end":{"line":35,"column":25}},"19":{"start":{"line":37,"column":0},"end":{"line":37,"column":20}}},"fnMap":{"0":{"name":"(anonymous_0)","decl":{"start":{"line":20,"column":10},"end":{"line":20,"column":11}},"loc":{"start":{"line":20,"column":18},"end":{"line":22,"column":3}},"line":20},"1":{"name":"(anonymous_1)","decl":{"start":{"line":23,"column":11},"end":{"line":23,"column":12}},"loc":{"start":{"line":23,"column":19},"end":{"line":26,"column":3}},"line":23},"2":{"name":"(anonymous_2)","decl":{"start":{"line":28,"column":24},"end":{"line":28,"column":25}},"loc":{"start":{"line":28,"column":37},"end":{"line":32,"column":1}},"line":28}},"branchMap":{"0":{"loc":{"start":{"line":7,"column":12},"end":{"line":7,"column":49}},"type":"binary-expr","locations":[{"start":{"line":7,"column":12},"end":{"line":7,"column":32}},{"start":{"line":7,"column":36},"end":{"line":7,"column":49}}],"line":7},"1":{"loc":{"start":{"line":12,"column":0},"end":{"line":16,"column":1}},"type":"if","locations":[{"start":{"line":12,"column":0},"end":{"line":16,"column":1}},{"start":{"line":14,"column":7},"end":{"line":16,"column":1}}],"line":12},"2":{"loc":{"start":{"line":21,"column":11},"end":{"line":21,"column":89}},"type":"binary-expr","locations":[{"start":{"line":21,"column":12},"end":{"line":21,"column":35}},{"start":{"line":21,"column":41},"end":{"line":21,"column":58}},{"start":{"line":21,"column":64},"end":{"line":21,"column":88}}],"line":21},"3":{"loc":{"start":{"line":29,"column":2},"end":{"line":31,"column":3}},"type":"if","locations":[{"start":{"line":29,"column":2},"end":{"line":31,"column":3}},{"start":{},"end":{}}],"line":29}},"s":{"0":1,"1":1,"2":1,"3":1,"4":1,"5":1,"6":1,"7":1,"8":0,"9":1,"10":1,"11":9,"12":8,"13":8,"14":1,"15":8,"16":8,"17":1,"18":1,"19":1},"f":{"0":9,"1":8,"2":8},"b":{"0":[1,0],"1":[0,1],"2":[9,9,8],"3":[8,0]},"_coverageSchema":"1a1c01bbd47fc00a2c39e90264f33305004495a9","hash":"6826767e4aac6b4aa9c1d55565ad7e45324f96ba"}
,"/home/rodhey/Documents/Hacktive8/Bootcamp/calculatrip/server/models/paymentmethod.js": {"path":"/home/rodhey/Documents/Hacktive8/Bootcamp/calculatrip/server/models/paymentmethod.js","statementMap":{"0":{"start":{"line":4,"column":4},"end":{"line":4,"column":24}},"1":{"start":{"line":5,"column":0},"end":{"line":24,"column":2}},"2":{"start":{"line":16,"column":2},"end":{"line":22,"column":5}},"3":{"start":{"line":23,"column":2},"end":{"line":23,"column":23}}},"fnMap":{"0":{"name":"(anonymous_0)","decl":{"start":{"line":5,"column":17},"end":{"line":5,"column":18}},"loc":{"start":{"line":5,"column":43},"end":{"line":24,"column":1}},"line":5},"1":{"name":"(anonymous_1)","decl":{"start":{"line":12,"column":4},"end":{"line":12,"column":5}},"loc":{"start":{"line":12,"column":29},"end":{"line":14,"column":5}},"line":12}},"branchMap":{},"s":{"0":1,"1":1,"2":1,"3":1},"f":{"0":1,"1":1},"b":{},"_coverageSchema":"1a1c01bbd47fc00a2c39e90264f33305004495a9","hash":"aa8c9b351b6f79a88acb059cc163f6919375447f"}
,"/home/rodhey/Documents/Hacktive8/Bootcamp/calculatrip/server/models/saving.js": {"path":"/home/rodhey/Documents/Hacktive8/Bootcamp/calculatrip/server/models/saving.js","statementMap":{"0":{"start":{"line":4,"column":4},"end":{"line":4,"column":24}},"1":{"start":{"line":5,"column":0},"end":{"line":25,"column":2}},"2":{"start":{"line":16,"column":2},"end":{"line":23,"column":5}},"3":{"start":{"line":24,"column":2},"end":{"line":24,"column":16}}},"fnMap":{"0":{"name":"(anonymous_0)","decl":{"start":{"line":5,"column":17},"end":{"line":5,"column":18}},"loc":{"start":{"line":5,"column":43},"end":{"line":25,"column":1}},"line":5},"1":{"name":"(anonymous_1)","decl":{"start":{"line":12,"column":4},"end":{"line":12,"column":5}},"loc":{"start":{"line":12,"column":29},"end":{"line":14,"column":5}},"line":12}},"branchMap":{},"s":{"0":1,"1":1,"2":1,"3":1},"f":{"0":1,"1":1},"b":{},"_coverageSchema":"1a1c01bbd47fc00a2c39e90264f33305004495a9","hash":"f8aab7d6130e83404a18c019cc3624d6c2855af6"}
,"/home/rodhey/Documents/Hacktive8/Bootcamp/calculatrip/server/models/trip.js": {"path":"/home/rodhey/Documents/Hacktive8/Bootcamp/calculatrip/server/models/trip.js","statementMap":{"0":{"start":{"line":4,"column":4},"end":{"line":4,"column":24}},"1":{"start":{"line":5,"column":0},"end":{"line":76,"column":2}},"2":{"start":{"line":16,"column":2},"end":{"line":74,"column":5}},"3":{"start":{"line":45,"column":24},"end":{"line":45,"column":48}},"4":{"start":{"line":46,"column":24},"end":{"line":46,"column":46}},"5":{"start":{"line":47,"column":10},"end":{"line":49,"column":11}},"6":{"start":{"line":48,"column":12},"end":{"line":48,"column":67}},"7":{"start":{"line":75,"column":2},"end":{"line":75,"column":14}}},"fnMap":{"0":{"name":"(anonymous_0)","decl":{"start":{"line":5,"column":17},"end":{"line":5,"column":18}},"loc":{"start":{"line":5,"column":43},"end":{"line":76,"column":1}},"line":5},"1":{"name":"(anonymous_1)","decl":{"start":{"line":12,"column":4},"end":{"line":12,"column":5}},"loc":{"start":{"line":12,"column":29},"end":{"line":14,"column":5}},"line":12},"2":{"name":"(anonymous_2)","decl":{"start":{"line":44,"column":8},"end":{"line":44,"column":9}},"loc":{"start":{"line":44,"column":22},"end":{"line":50,"column":9}},"line":44}},"branchMap":{"0":{"loc":{"start":{"line":47,"column":10},"end":{"line":49,"column":11}},"type":"if","locations":[{"start":{"line":47,"column":10},"end":{"line":49,"column":11}},{"start":{},"end":{}}],"line":47}},"s":{"0":1,"1":1,"2":1,"3":0,"4":0,"5":0,"6":0,"7":1},"f":{"0":1,"1":1,"2":0},"b":{"0":[0,0]},"_coverageSchema":"1a1c01bbd47fc00a2c39e90264f33305004495a9","hash":"eef78658c2a620a985a8d1f08bcc38f05b3b910e"}
,"/home/rodhey/Documents/Hacktive8/Bootcamp/calculatrip/server/models/user.js": {"path":"/home/rodhey/Documents/Hacktive8/Bootcamp/calculatrip/server/models/user.js","statementMap":{"0":{"start":{"line":4,"column":4},"end":{"line":4,"column":24}},"1":{"start":{"line":7,"column":4},"end":{"line":7,"column":32}},"2":{"start":{"line":8,"column":0},"end":{"line":90,"column":2}},"3":{"start":{"line":16,"column":6},"end":{"line":16,"column":66}},"4":{"start":{"line":19,"column":2},"end":{"line":88,"column":5}},"5":{"start":{"line":83,"column":8},"end":{"line":83,"column":50}},"6":{"start":{"line":89,"column":2},"end":{"line":89,"column":14}}},"fnMap":{"0":{"name":"(anonymous_0)","decl":{"start":{"line":8,"column":17},"end":{"line":8,"column":18}},"loc":{"start":{"line":8,"column":43},"end":{"line":90,"column":1}},"line":8},"1":{"name":"(anonymous_1)","decl":{"start":{"line":15,"column":4},"end":{"line":15,"column":5}},"loc":{"start":{"line":15,"column":29},"end":{"line":17,"column":5}},"line":15},"2":{"name":"(anonymous_2)","decl":{"start":{"line":82,"column":6},"end":{"line":82,"column":7}},"loc":{"start":{"line":82,"column":30},"end":{"line":84,"column":7}},"line":82}},"branchMap":{},"s":{"0":1,"1":1,"2":1,"3":1,"4":1,"5":3,"6":1},"f":{"0":1,"1":1,"2":3},"b":{},"_coverageSchema":"1a1c01bbd47fc00a2c39e90264f33305004495a9","hash":"900431ad28640a5d2248ab9a0485c315df2e9b80"}
,"/home/rodhey/Documents/Hacktive8/Bootcamp/calculatrip/server/models/usertrip.js": {"path":"/home/rodhey/Documents/Hacktive8/Bootcamp/calculatrip/server/models/usertrip.js","statementMap":{"0":{"start":{"line":4,"column":4},"end":{"line":4,"column":24}},"1":{"start":{"line":5,"column":0},"end":{"line":26,"column":2}},"2":{"start":{"line":16,"column":2},"end":{"line":24,"column":5}},"3":{"start":{"line":25,"column":2},"end":{"line":25,"column":18}}},"fnMap":{"0":{"name":"(anonymous_0)","decl":{"start":{"line":5,"column":17},"end":{"line":5,"column":18}},"loc":{"start":{"line":5,"column":43},"end":{"line":26,"column":1}},"line":5},"1":{"name":"(anonymous_1)","decl":{"start":{"line":12,"column":4},"end":{"line":12,"column":5}},"loc":{"start":{"line":12,"column":29},"end":{"line":14,"column":5}},"line":12}},"branchMap":{},"s":{"0":1,"1":1,"2":1,"3":1},"f":{"0":1,"1":1},"b":{},"_coverageSchema":"1a1c01bbd47fc00a2c39e90264f33305004495a9","hash":"429d64003157e1cee41cd0cccad739790e09c960"}
,"/home/rodhey/Documents/Hacktive8/Bootcamp/calculatrip/server/routes/exchangerateRoute.js": {"path":"/home/rodhey/Documents/Hacktive8/Bootcamp/calculatrip/server/routes/exchangerateRoute.js","statementMap":{"0":{"start":{"line":1,"column":16},"end":{"line":1,"column":34}},"1":{"start":{"line":2,"column":27},"end":{"line":2,"column":43}},"2":{"start":{"line":5,"column":23},"end":{"line":5,"column":63}},"3":{"start":{"line":8,"column":31},"end":{"line":8,"column":79}},"4":{"start":{"line":10,"column":0},"end":{"line":10,"column":78}},"5":{"start":{"line":11,"column":0},"end":{"line":11,"column":86}},"6":{"start":{"line":12,"column":0},"end":{"line":12,"column":81}},"7":{"start":{"line":14,"column":0},"end":{"line":14,"column":35}}},"fnMap":{},"branchMap":{},"s":{"0":1,"1":1,"2":1,"3":1,"4":1,"5":1,"6":1,"7":1},"f":{},"b":{},"_coverageSchema":"1a1c01bbd47fc00a2c39e90264f33305004495a9","hash":"2fbee12a46fff96a630911a619aa13ed4d62f613"}
,"/home/rodhey/Documents/Hacktive8/Bootcamp/calculatrip/server/routes/expenseRoutes.js": {"path":"/home/rodhey/Documents/Hacktive8/Bootcamp/calculatrip/server/routes/expenseRoutes.js","statementMap":{"0":{"start":{"line":1,"column":16},"end":{"line":1,"column":34}},"1":{"start":{"line":2,"column":22},"end":{"line":2,"column":38}},"2":{"start":{"line":4,"column":0},"end":{"line":6,"column":2}},"3":{"start":{"line":5,"column":2},"end":{"line":5,"column":22}},"4":{"start":{"line":8,"column":0},"end":{"line":8,"column":30}}},"fnMap":{"0":{"name":"(anonymous_0)","decl":{"start":{"line":4,"column":23},"end":{"line":4,"column":24}},"loc":{"start":{"line":4,"column":37},"end":{"line":6,"column":1}},"line":4}},"branchMap":{},"s":{"0":1,"1":1,"2":1,"3":0,"4":1},"f":{"0":0},"b":{},"_coverageSchema":"1a1c01bbd47fc00a2c39e90264f33305004495a9","hash":"9aae1616c5653ae2d64e7f2f6a06d606cac9c0bc"}
,"/home/rodhey/Documents/Hacktive8/Bootcamp/calculatrip/server/routes/index.js": {"path":"/home/rodhey/Documents/Hacktive8/Bootcamp/calculatrip/server/routes/index.js","statementMap":{"0":{"start":{"line":1,"column":16},"end":{"line":1,"column":34}},"1":{"start":{"line":2,"column":15},"end":{"line":2,"column":31}},"2":{"start":{"line":3,"column":19},"end":{"line":3,"column":42}},"3":{"start":{"line":4,"column":19},"end":{"line":4,"column":42}},"4":{"start":{"line":5,"column":22},"end":{"line":5,"column":48}},"5":{"start":{"line":6,"column":21},"end":{"line":6,"column":46}},"6":{"start":{"line":7,"column":27},"end":{"line":7,"column":57}},"7":{"start":{"line":9,"column":0},"end":{"line":9,"column":32}},"8":{"start":{"line":10,"column":0},"end":{"line":10,"column":32}},"9":{"start":{"line":11,"column":0},"end":{"line":11,"column":38}},"10":{"start":{"line":12,"column":0},"end":{"line":12,"column":36}},"11":{"start":{"line":13,"column":0},"end":{"line":13,"column":47}},"12":{"start":{"line":15,"column":0},"end":{"line":15,"column":23}}},"fnMap":{},"branchMap":{},"s":{"0":1,"1":1,"2":1,"3":1,"4":1,"5":1,"6":1,"7":1,"8":1,"9":1,"10":1,"11":1,"12":1},"f":{},"b":{},"_coverageSchema":"1a1c01bbd47fc00a2c39e90264f33305004495a9","hash":"42cc1e98f02222110bc654a89ee68a3cba3bd37c"}
,"/home/rodhey/Documents/Hacktive8/Bootcamp/calculatrip/server/routes/savingRoutes.js": {"path":"/home/rodhey/Documents/Hacktive8/Bootcamp/calculatrip/server/routes/savingRoutes.js","statementMap":{"0":{"start":{"line":1,"column":16},"end":{"line":1,"column":34}},"1":{"start":{"line":2,"column":21},"end":{"line":2,"column":37}},"2":{"start":{"line":4,"column":0},"end":{"line":6,"column":2}},"3":{"start":{"line":5,"column":2},"end":{"line":5,"column":21}},"4":{"start":{"line":8,"column":0},"end":{"line":8,"column":29}}},"fnMap":{"0":{"name":"(anonymous_0)","decl":{"start":{"line":4,"column":22},"end":{"line":4,"column":23}},"loc":{"start":{"line":4,"column":36},"end":{"line":6,"column":1}},"line":4}},"branchMap":{},"s":{"0":1,"1":1,"2":1,"3":0,"4":1},"f":{"0":0},"b":{},"_coverageSchema":"1a1c01bbd47fc00a2c39e90264f33305004495a9","hash":"70d1d618a22b5b49819c7202215b4b21c62d24ff"}
,"/home/rodhey/Documents/Hacktive8/Bootcamp/calculatrip/server/routes/tripRoutes.js": {"path":"/home/rodhey/Documents/Hacktive8/Bootcamp/calculatrip/server/routes/tripRoutes.js","statementMap":{"0":{"start":{"line":1,"column":16},"end":{"line":1,"column":34}},"1":{"start":{"line":2,"column":19},"end":{"line":2,"column":35}},"2":{"start":{"line":5,"column":23},"end":{"line":5,"column":64}},"3":{"start":{"line":8,"column":23},"end":{"line":8,"column":63}},"4":{"start":{"line":10,"column":0},"end":{"line":10,"column":60}},"5":{"start":{"line":11,"column":0},"end":{"line":11,"column":61}},"6":{"start":{"line":13,"column":0},"end":{"line":13,"column":27}}},"fnMap":{},"branchMap":{},"s":{"0":1,"1":1,"2":1,"3":1,"4":1,"5":1,"6":1},"f":{},"b":{},"_coverageSchema":"1a1c01bbd47fc00a2c39e90264f33305004495a9","hash":"ef7ffdd89ac4512402c2d6e4e5eef27a9a774a39"}
,"/home/rodhey/Documents/Hacktive8/Bootcamp/calculatrip/server/routes/userRoutes.js": {"path":"/home/rodhey/Documents/Hacktive8/Bootcamp/calculatrip/server/routes/userRoutes.js","statementMap":{"0":{"start":{"line":1,"column":16},"end":{"line":1,"column":34}},"1":{"start":{"line":2,"column":19},"end":{"line":2,"column":35}},"2":{"start":{"line":5,"column":23},"end":{"line":5,"column":64}},"3":{"start":{"line":8,"column":23},"end":{"line":8,"column":63}},"4":{"start":{"line":10,"column":0},"end":{"line":10,"column":60}},"5":{"start":{"line":11,"column":0},"end":{"line":11,"column":51}},"6":{"start":{"line":12,"column":0},"end":{"line":12,"column":57}},"7":{"start":{"line":13,"column":0},"end":{"line":13,"column":73}},"8":{"start":{"line":14,"column":0},"end":{"line":14,"column":80}},"9":{"start":{"line":15,"column":0},"end":{"line":15,"column":63}},"10":{"start":{"line":17,"column":0},"end":{"line":17,"column":27}}},"fnMap":{},"branchMap":{},"s":{"0":1,"1":1,"2":1,"3":1,"4":1,"5":1,"6":1,"7":1,"8":1,"9":1,"10":1},"f":{},"b":{},"_coverageSchema":"1a1c01bbd47fc00a2c39e90264f33305004495a9","hash":"c93cc3416cdf394a73844a2c2211573a879a03fe"}
}
