TN:
SF:app.js
FNF:0
FNH:0
DA:1,1
DA:2,1
DA:4,1
DA:5,1
DA:7,1
DA:9,1
DA:10,1
DA:12,1
DA:13,1
DA:14,1
DA:18,1
DA:20,1
DA:26,1
LF:13
LH:13
BRDA:1,0,0,1
BRDA:1,0,1,0
BRF:2
BRH:1
end_of_record
TN:
SF:controllers/exchangeRateController.js
FN:5,(anonymous_0)
FN:13,(anonymous_1)
FN:43,(anonymous_2)
FNF:3
FNH:0
FNDA:0,(anonymous_0)
FNDA:0,(anonymous_1)
FNDA:0,(anonymous_2)
DA:1,1
DA:6,0
DA:7,0
DA:8,0
DA:10,0
DA:14,0
DA:19,0
DA:20,0
DA:23,0
DA:26,0
DA:29,0
DA:31,0
DA:39,0
DA:44,0
DA:47,0
DA:48,0
DA:49,0
DA:55,0
DA:60,1
LF:19
LH:2
BRDA:20,0,0,0
BRDA:20,0,1,0
BRDA:23,1,0,0
BRDA:23,1,1,0
BRDA:26,2,0,0
BRDA:26,2,1,0
BRF:6
BRH:0
end_of_record
TN:
SF:controllers/tripControllers.js
FN:24,(anonymous_0)
FN:68,(anonymous_1)
FN:87,(anonymous_2)
FN:113,(anonymous_3)
FN:132,(anonymous_4)
FNF:5
FNH:0
FNDA:0,(anonymous_0)
FNDA:0,(anonymous_1)
FNDA:0,(anonymous_2)
FNDA:0,(anonymous_3)
FNDA:0,(anonymous_4)
DA:11,1
DA:12,1
DA:14,1
DA:25,0
DA:26,0
DA:34,0
DA:36,0
DA:48,0
DA:58,0
DA:59,0
DA:63,0
DA:64,0
DA:69,0
DA:70,0
DA:81,0
DA:83,0
DA:88,0
DA:89,0
DA:90,0
DA:103,0
DA:104,0
DA:106,0
DA:109,0
DA:114,0
DA:115,0
DA:116,0
DA:117,0
DA:118,0
DA:120,0
DA:123,0
DA:128,0
DA:133,0
DA:134,0
DA:142,0
DA:145,0
DA:147,0
DA:149,0
DA:150,0
DA:152,0
DA:164,0
DA:165,0
DA:170,0
DA:171,0
DA:175,1
LF:44
LH:4
BRDA:103,0,0,0
BRDA:103,0,1,0
BRDA:117,1,0,0
BRDA:117,1,1,0
BRDA:149,2,0,0
BRDA:149,2,1,0
BRDA:158,3,0,0
BRDA:158,3,1,0
BRF:8
BRH:0
end_of_record
TN:
SF:controllers/userControllers.js
FN:12,(anonymous_0)
FN:33,(anonymous_1)
FN:90,(anonymous_2)
FN:106,(anonymous_3)
FN:140,(anonymous_4)
FN:156,(anonymous_5)
FNF:6
FNH:6
FNDA:10,(anonymous_0)
FNDA:6,(anonymous_1)
FNDA:1,(anonymous_2)
FNDA:3,(anonymous_3)
FNDA:1,(anonymous_4)
FNDA:8,(anonymous_5)
DA:3,1
DA:6,1
DA:9,1
DA:13,10
DA:14,10
DA:22,10
DA:23,1
DA:29,9
DA:34,6
DA:35,6
DA:39,6
DA:40,1
DA:44,5
DA:45,1
DA:49,4
DA:54,4
DA:55,2
DA:61,4
DA:62,1
DA:66,3
DA:67,1
DA:71,2
DA:76,2
DA:77,2
DA:78,0
DA:82,2
DA:86,4
DA:91,1
DA:92,1
DA:100,1
DA:102,0
DA:107,3
DA:110,3
DA:111,3
DA:119,3
DA:120,2
DA:129,3
DA:130,1
DA:134,2
DA:136,1
DA:141,1
DA:142,1
DA:150,1
DA:152,0
DA:157,8
DA:158,8
DA:159,8
DA:167,8
DA:168,8
DA:171,7
DA:178,1
DA:182,7
DA:187,1
LF:53
LH:50
BRDA:39,0,0,1
BRDA:39,0,1,5
BRDA:44,1,0,1
BRDA:44,1,1,4
BRDA:54,2,0,2
BRDA:54,2,1,2
BRDA:61,3,0,1
BRDA:61,3,1,3
BRDA:66,4,0,1
BRDA:66,4,1,2
BRDA:77,5,0,0
BRDA:77,5,1,2
BRDA:119,6,0,2
BRDA:119,6,1,1
BRDA:129,7,0,1
BRDA:129,7,1,2
BRDA:168,8,0,1
BRDA:168,8,1,7
BRF:18
BRH:17
end_of_record
TN:
SF:helpers/bcrypt.js
FN:4,(anonymous_0)
FN:8,(anonymous_1)
FNF:2
FNH:2
FNDA:6,(anonymous_0)
FNDA:3,(anonymous_1)
DA:1,1
DA:4,1
DA:5,6
DA:8,1
DA:9,3
DA:13,1
LF:6
LH:6
BRF:0
BRH:0
end_of_record
TN:
SF:helpers/imageRandomizer.js
FN:3,(anonymous_0)
FNF:1
FNH:0
FNDA:0,(anonymous_0)
DA:3,1
DA:4,0
DA:5,0
DA:8,1
LF:4
LH:2
BRF:0
BRH:0
end_of_record
TN:
SF:helpers/jwt.js
FN:5,(anonymous_0)
FN:9,(anonymous_1)
FNF:2
FNH:2
FNDA:4,(anonymous_0)
FNDA:21,(anonymous_1)
DA:1,1
DA:2,1
DA:5,1
DA:6,4
DA:9,1
DA:10,21
DA:13,1
LF:7
LH:7
BRF:0
BRH:0
end_of_record
TN:
SF:middlewares/Authentication.js
FN:10,(anonymous_0)
FNF:1
FNH:1
FNDA:25,(anonymous_0)
DA:3,1
DA:7,1
DA:10,1
DA:13,25
DA:14,25
DA:15,25
DA:18,21
DA:19,17
DA:22,17
DA:23,17
DA:24,4
DA:28,13
DA:33,13
DA:35,12
DA:41,1
LF:15
LH:15
BRDA:15,0,0,4
BRDA:15,0,1,21
BRDA:19,1,0,0
BRDA:19,1,1,17
BRDA:23,2,0,4
BRDA:23,2,1,13
BRF:6
BRH:5
end_of_record
TN:
SF:middlewares/errorHandler.js
FN:1,(anonymous_0)
FNF:1
FNH:1
FNDA:33,(anonymous_0)
DA:1,1
DA:2,33
DA:3,33
DA:5,33
DA:6,15
DA:7,15
DA:8,18
DA:9,2
DA:10,2
DA:11,16
DA:12,4
DA:13,4
DA:14,12
DA:15,1
DA:16,1
DA:17,11
DA:18,1
DA:19,1
DA:20,10
DA:21,8
DA:22,8
DA:23,2
DA:24,2
DA:25,2
DA:26,0
DA:27,0
DA:28,0
DA:29,0
DA:30,0
DA:31,0
DA:32,0
DA:33,0
DA:34,0
DA:35,0
DA:36,0
DA:37,0
DA:42,33
DA:47,1
LF:38
LH:26
BRDA:5,0,0,15
BRDA:5,0,1,18
BRDA:5,1,0,33
BRDA:5,1,1,22
BRDA:8,2,0,2
BRDA:8,2,1,16
BRDA:11,3,0,4
BRDA:11,3,1,12
BRDA:14,4,0,1
BRDA:14,4,1,11
BRDA:17,5,0,1
BRDA:17,5,1,10
BRDA:20,6,0,8
BRDA:20,6,1,2
BRDA:23,7,0,2
BRDA:23,7,1,0
BRDA:26,8,0,0
BRDA:26,8,1,0
BRDA:29,9,0,0
BRDA:29,9,1,0
BRDA:32,10,0,0
BRDA:32,10,1,0
BRDA:35,11,0,0
BRDA:35,11,1,0
BRF:24
BRH:15
end_of_record
TN:
SF:models/expense.js
FN:5,(anonymous_0)
FN:12,(anonymous_1)
FNF:2
FNH:2
FNDA:1,(anonymous_0)
FNDA:1,(anonymous_1)
DA:4,1
DA:5,1
DA:16,1
DA:29,1
LF:4
LH:4
BRF:0
BRH:0
end_of_record
TN:
SF:models/expensecategory.js
FN:5,(anonymous_0)
FN:12,(anonymous_1)
FNF:2
FNH:2
FNDA:1,(anonymous_0)
FNDA:1,(anonymous_1)
DA:4,1
DA:5,1
DA:16,1
DA:23,1
LF:4
LH:4
BRF:0
BRH:0
end_of_record
TN:
SF:models/images.js
FN:5,(anonymous_0)
FN:12,(anonymous_1)
FNF:2
FNH:2
FNDA:1,(anonymous_0)
FNDA:1,(anonymous_1)
DA:4,1
DA:5,1
DA:16,1
DA:23,1
LF:4
LH:4
BRF:0
BRH:0
end_of_record
TN:
SF:models/index.js
FN:20,(anonymous_0)
FN:23,(anonymous_1)
FN:28,(anonymous_2)
FNF:3
FNH:3
FNDA:9,(anonymous_0)
FNDA:8,(anonymous_1)
FNDA:8,(anonymous_2)
DA:3,1
DA:4,1
DA:5,1
DA:6,1
DA:7,1
DA:8,1
DA:9,1
DA:12,1
DA:13,0
DA:15,1
DA:18,1
DA:21,9
DA:24,8
DA:25,8
DA:28,1
DA:29,8
DA:30,8
DA:34,1
DA:35,1
DA:37,1
LF:20
LH:19
BRDA:7,0,0,1
BRDA:7,0,1,0
BRDA:12,1,0,0
BRDA:12,1,1,1
BRDA:21,2,0,9
BRDA:21,2,1,9
BRDA:21,2,2,8
BRDA:29,3,0,8
BRDA:29,3,1,0
BRF:9
BRH:6
end_of_record
TN:
SF:models/paymentmethod.js
FN:5,(anonymous_0)
FN:12,(anonymous_1)
FNF:2
FNH:2
FNDA:1,(anonymous_0)
FNDA:1,(anonymous_1)
DA:4,1
DA:5,1
DA:16,1
DA:23,1
LF:4
LH:4
BRF:0
BRH:0
end_of_record
TN:
SF:models/saving.js
FN:5,(anonymous_0)
FN:12,(anonymous_1)
FNF:2
FNH:2
FNDA:1,(anonymous_0)
FNDA:1,(anonymous_1)
DA:4,1
DA:5,1
DA:16,1
DA:24,1
LF:4
LH:4
BRF:0
BRH:0
end_of_record
TN:
SF:models/trip.js
FN:5,(anonymous_0)
FN:12,(anonymous_1)
FN:46,(anonymous_2)
FNF:3
FNH:2
FNDA:1,(anonymous_0)
FNDA:1,(anonymous_1)
FNDA:0,(anonymous_2)
DA:4,1
DA:5,1
DA:14,1
DA:15,1
DA:18,1
DA:47,0
DA:48,0
DA:49,0
DA:50,0
DA:79,1
LF:10
LH:6
BRDA:49,0,0,0
BRDA:49,0,1,0
BRF:2
BRH:0
end_of_record
TN:
SF:models/user.js
FN:8,(anonymous_0)
FN:15,(anonymous_1)
FN:82,(anonymous_2)
FNF:3
FNH:3
FNDA:1,(anonymous_0)
FNDA:1,(anonymous_1)
FNDA:6,(anonymous_2)
DA:4,1
DA:7,1
DA:8,1
DA:16,1
DA:19,1
DA:83,6
DA:89,1
LF:7
LH:7
BRF:0
BRH:0
end_of_record
TN:
SF:models/usertrip.js
FN:5,(anonymous_0)
FN:12,(anonymous_1)
FNF:2
FNH:2
FNDA:1,(anonymous_0)
FNDA:1,(anonymous_1)
DA:4,1
DA:5,1
DA:17,1
DA:26,1
LF:4
LH:4
BRF:0
BRH:0
end_of_record
TN:
SF:routes/exchangerateRoute.js
FNF:0
FNH:0
DA:1,1
DA:2,1
DA:5,1
DA:8,1
DA:10,1
DA:11,1
DA:12,1
DA:14,1
LF:8
LH:8
BRF:0
BRH:0
end_of_record
TN:
SF:routes/expenseRoutes.js
FN:4,(anonymous_0)
FNF:1
FNH:0
FNDA:0,(anonymous_0)
DA:1,1
DA:2,1
DA:4,1
DA:5,0
DA:8,1
LF:5
LH:4
BRF:0
BRH:0
end_of_record
TN:
SF:routes/index.js
FNF:0
FNH:0
DA:1,1
DA:2,1
DA:3,1
DA:4,1
DA:5,1
DA:6,1
DA:7,1
DA:9,1
DA:10,1
DA:11,1
DA:12,1
DA:13,1
DA:15,1
LF:13
LH:13
BRF:0
BRH:0
end_of_record
TN:
SF:routes/savingRoutes.js
FN:4,(anonymous_0)
FNF:1
FNH:0
FNDA:0,(anonymous_0)
DA:1,1
DA:2,1
DA:4,1
DA:5,0
DA:8,1
LF:5
LH:4
BRF:0
BRH:0
end_of_record
TN:
SF:routes/tripRoutes.js
FNF:0
FNH:0
DA:1,1
DA:2,1
DA:5,1
DA:8,1
DA:10,1
DA:11,1
DA:12,1
DA:13,1
DA:14,1
DA:16,1
LF:10
LH:10
BRF:0
BRH:0
end_of_record
TN:
SF:routes/userRoutes.js
FNF:0
FNH:0
DA:1,1
DA:2,1
DA:5,1
DA:8,1
DA:10,1
DA:11,1
DA:12,1
DA:13,1
DA:14,1
DA:15,1
DA:17,1
LF:11
LH:11
BRF:0
BRH:0
end_of_record
