TN:
SF:app.js
FNF:0
FNH:0
DA:1,1
DA:2,1
DA:4,1
DA:5,1
DA:7,1
DA:9,1
DA:10,1
DA:12,1
DA:13,1
DA:14,1
DA:18,1
DA:20,1
DA:26,1
LF:13
LH:13
BRDA:1,0,0,1
BRDA:1,0,1,0
BRF:2
BRH:1
end_of_record
TN:
SF:controllers/exchangeRateController.js
FN:5,(anonymous_0)
FN:13,(anonymous_1)
FN:43,(anonymous_2)
FNF:3
FNH:0
FNDA:0,(anonymous_0)
FNDA:0,(anonymous_1)
FNDA:0,(anonymous_2)
DA:1,1
DA:6,0
DA:7,0
DA:8,0
DA:10,0
DA:14,0
DA:19,0
DA:20,0
DA:23,0
DA:26,0
DA:29,0
DA:31,0
DA:39,0
DA:44,0
DA:47,0
DA:48,0
DA:49,0
DA:55,0
DA:60,1
LF:19
LH:2
BRDA:20,0,0,0
BRDA:20,0,1,0
BRDA:23,1,0,0
BRDA:23,1,1,0
BRDA:26,2,0,0
BRDA:26,2,1,0
BRF:6
BRH:0
end_of_record
TN:
SF:controllers/tripControllers.js
FN:5,(anonymous_0)
FN:47,(anonymous_1)
FNF:2
FNH:0
FNDA:0,(anonymous_0)
FNDA:0,(anonymous_1)
DA:1,1
DA:7,0
DA:8,0
DA:16,0
DA:18,0
DA:27,0
DA:34,0
DA:35,0
DA:40,0
DA:41,0
DA:43,0
DA:48,0
DA:49,0
DA:61,0
DA:63,0
DA:68,1
LF:16
LH:2
BRF:0
BRH:0
end_of_record
TN:
SF:controllers/userControllers.js
FN:12,(anonymous_0)
FN:33,(anonymous_1)
FN:90,(anonymous_2)
FN:106,(anonymous_3)
FN:140,(anonymous_4)
FN:156,(anonymous_5)
FNF:6
FNH:2
FNDA:10,(anonymous_0)
FNDA:4,(anonymous_1)
FNDA:0,(anonymous_2)
FNDA:0,(anonymous_3)
FNDA:0,(anonymous_4)
FNDA:0,(anonymous_5)
DA:3,1
DA:6,1
DA:9,1
DA:13,10
DA:14,10
DA:22,10
DA:23,1
DA:29,9
DA:34,4
DA:35,4
DA:39,4
DA:40,1
DA:44,3
DA:45,1
DA:49,2
DA:54,2
DA:55,0
DA:61,2
DA:62,0
DA:66,2
DA:67,1
DA:71,1
DA:76,1
DA:77,1
DA:78,0
DA:82,1
DA:86,3
DA:91,0
DA:92,0
DA:100,0
DA:102,0
DA:107,0
DA:110,0
DA:111,0
DA:119,0
DA:120,0
DA:129,0
DA:130,0
DA:134,0
DA:136,0
DA:141,0
DA:142,0
DA:150,0
DA:152,0
DA:157,0
DA:158,0
DA:159,0
DA:167,0
DA:168,0
DA:171,0
DA:178,0
DA:182,0
DA:187,1
LF:53
LH:25
BRDA:39,0,0,1
BRDA:39,0,1,3
BRDA:44,1,0,1
BRDA:44,1,1,2
BRDA:54,2,0,0
BRDA:54,2,1,2
BRDA:61,3,0,0
BRDA:61,3,1,2
BRDA:66,4,0,1
BRDA:66,4,1,1
BRDA:77,5,0,0
BRDA:77,5,1,1
BRDA:119,6,0,0
BRDA:119,6,1,0
BRDA:129,7,0,0
BRDA:129,7,1,0
BRDA:168,8,0,0
BRDA:168,8,1,0
BRF:18
BRH:9
end_of_record
TN:
SF:helpers/bcrypt.js
FN:4,(anonymous_0)
FN:8,(anonymous_1)
FNF:2
FNH:2
FNDA:3,(anonymous_0)
FNDA:2,(anonymous_1)
DA:1,1
DA:4,1
DA:5,3
DA:8,1
DA:9,2
DA:13,1
LF:6
LH:6
BRF:0
BRH:0
end_of_record
TN:
SF:helpers/jwt.js
FN:5,(anonymous_0)
FN:9,(anonymous_1)
FNF:2
FNH:1
FNDA:1,(anonymous_0)
FNDA:0,(anonymous_1)
DA:1,1
DA:2,1
DA:5,1
DA:6,1
DA:9,1
DA:10,0
DA:13,1
LF:7
LH:6
BRF:0
BRH:0
end_of_record
TN:
SF:middlewares/Authentication.js
FN:10,(anonymous_0)
FNF:1
FNH:0
FNDA:0,(anonymous_0)
DA:3,1
DA:7,1
DA:10,1
DA:13,0
DA:14,0
DA:15,0
DA:18,0
DA:19,0
DA:22,0
DA:23,0
DA:24,0
DA:28,0
DA:33,0
DA:35,0
DA:41,1
LF:15
LH:4
BRDA:15,0,0,0
BRDA:15,0,1,0
BRDA:19,1,0,0
BRDA:19,1,1,0
BRDA:23,2,0,0
BRDA:23,2,1,0
BRF:6
BRH:0
end_of_record
TN:
SF:middlewares/errorHandler.js
FN:1,(anonymous_0)
FNF:1
FNH:1
FNDA:12,(anonymous_0)
DA:1,1
DA:2,12
DA:3,12
DA:5,12
DA:6,9
DA:7,9
DA:8,3
DA:9,1
DA:10,1
DA:11,2
DA:12,0
DA:13,0
DA:14,2
DA:15,1
DA:16,1
DA:17,1
DA:18,1
DA:19,1
DA:20,0
DA:21,0
DA:22,0
DA:23,0
DA:24,0
DA:25,0
DA:26,0
DA:27,0
DA:28,0
DA:29,0
DA:30,0
DA:31,0
DA:32,0
DA:33,0
DA:34,0
DA:39,12
DA:44,1
LF:35
LH:18
BRDA:5,0,0,9
BRDA:5,0,1,3
BRDA:5,1,0,12
BRDA:5,1,1,5
BRDA:8,2,0,1
BRDA:8,2,1,2
BRDA:11,3,0,0
BRDA:11,3,1,2
BRDA:14,4,0,1
BRDA:14,4,1,1
BRDA:17,5,0,1
BRDA:17,5,1,0
BRDA:20,6,0,0
BRDA:20,6,1,0
BRDA:23,7,0,0
BRDA:23,7,1,0
BRDA:26,8,0,0
BRDA:26,8,1,0
BRDA:29,9,0,0
BRDA:29,9,1,0
BRDA:32,10,0,0
BRDA:32,10,1,0
BRF:22
BRH:10
end_of_record
TN:
SF:models/expense.js
FN:5,(anonymous_0)
FN:12,(anonymous_1)
FNF:2
FNH:2
FNDA:1,(anonymous_0)
FNDA:1,(anonymous_1)
DA:4,1
DA:5,1
DA:16,1
DA:29,1
LF:4
LH:4
BRF:0
BRH:0
end_of_record
TN:
SF:models/expensecategory.js
FN:5,(anonymous_0)
FN:12,(anonymous_1)
FNF:2
FNH:2
FNDA:1,(anonymous_0)
FNDA:1,(anonymous_1)
DA:4,1
DA:5,1
DA:16,1
DA:23,1
LF:4
LH:4
BRF:0
BRH:0
end_of_record
TN:
SF:models/images.js
FN:5,(anonymous_0)
FN:12,(anonymous_1)
FNF:2
FNH:2
FNDA:1,(anonymous_0)
FNDA:1,(anonymous_1)
DA:4,1
DA:5,1
DA:16,1
DA:23,1
LF:4
LH:4
BRF:0
BRH:0
end_of_record
TN:
SF:models/index.js
FN:20,(anonymous_0)
FN:23,(anonymous_1)
FN:28,(anonymous_2)
FNF:3
FNH:3
FNDA:9,(anonymous_0)
FNDA:8,(anonymous_1)
FNDA:8,(anonymous_2)
DA:3,1
DA:4,1
DA:5,1
DA:6,1
DA:7,1
DA:8,1
DA:9,1
DA:12,1
DA:13,0
DA:15,1
DA:18,1
DA:21,9
DA:24,8
DA:25,8
DA:28,1
DA:29,8
DA:30,8
DA:34,1
DA:35,1
DA:37,1
LF:20
LH:19
BRDA:7,0,0,1
BRDA:7,0,1,0
BRDA:12,1,0,0
BRDA:12,1,1,1
BRDA:21,2,0,9
BRDA:21,2,1,9
BRDA:21,2,2,8
BRDA:29,3,0,8
BRDA:29,3,1,0
BRF:9
BRH:6
end_of_record
TN:
SF:models/paymentmethod.js
FN:5,(anonymous_0)
FN:12,(anonymous_1)
FNF:2
FNH:2
FNDA:1,(anonymous_0)
FNDA:1,(anonymous_1)
DA:4,1
DA:5,1
DA:16,1
DA:23,1
LF:4
LH:4
BRF:0
BRH:0
end_of_record
TN:
SF:models/saving.js
FN:5,(anonymous_0)
FN:12,(anonymous_1)
FNF:2
FNH:2
FNDA:1,(anonymous_0)
FNDA:1,(anonymous_1)
DA:4,1
DA:5,1
DA:16,1
DA:24,1
LF:4
LH:4
BRF:0
BRH:0
end_of_record
TN:
SF:models/trip.js
FN:5,(anonymous_0)
FN:12,(anonymous_1)
FN:44,(anonymous_2)
FNF:3
FNH:2
FNDA:1,(anonymous_0)
FNDA:1,(anonymous_1)
FNDA:0,(anonymous_2)
DA:4,1
DA:5,1
DA:16,1
DA:45,0
DA:46,0
DA:47,0
DA:48,0
DA:75,1
LF:8
LH:4
BRDA:47,0,0,0
BRDA:47,0,1,0
BRF:2
BRH:0
end_of_record
TN:
SF:models/user.js
FN:8,(anonymous_0)
FN:15,(anonymous_1)
FN:82,(anonymous_2)
FNF:3
FNH:3
FNDA:1,(anonymous_0)
FNDA:1,(anonymous_1)
FNDA:3,(anonymous_2)
DA:4,1
DA:7,1
DA:8,1
DA:16,1
DA:19,1
DA:83,3
DA:89,1
LF:7
LH:7
BRF:0
BRH:0
end_of_record
TN:
SF:models/usertrip.js
FN:5,(anonymous_0)
FN:12,(anonymous_1)
FNF:2
FNH:2
FNDA:1,(anonymous_0)
FNDA:1,(anonymous_1)
DA:4,1
DA:5,1
DA:16,1
DA:25,1
LF:4
LH:4
BRF:0
BRH:0
end_of_record
TN:
SF:routes/exchangerateRoute.js
FNF:0
FNH:0
DA:1,1
DA:2,1
DA:5,1
DA:8,1
DA:10,1
DA:11,1
DA:12,1
DA:14,1
LF:8
LH:8
BRF:0
BRH:0
end_of_record
TN:
SF:routes/expenseRoutes.js
FN:4,(anonymous_0)
FNF:1
FNH:0
FNDA:0,(anonymous_0)
DA:1,1
DA:2,1
DA:4,1
DA:5,0
DA:8,1
LF:5
LH:4
BRF:0
BRH:0
end_of_record
TN:
SF:routes/index.js
FNF:0
FNH:0
DA:1,1
DA:2,1
DA:3,1
DA:4,1
DA:5,1
DA:6,1
DA:7,1
DA:9,1
DA:10,1
DA:11,1
DA:12,1
DA:13,1
DA:15,1
LF:13
LH:13
BRF:0
BRH:0
end_of_record
TN:
SF:routes/savingRoutes.js
FN:4,(anonymous_0)
FNF:1
FNH:0
FNDA:0,(anonymous_0)
DA:1,1
DA:2,1
DA:4,1
DA:5,0
DA:8,1
LF:5
LH:4
BRF:0
BRH:0
end_of_record
TN:
SF:routes/tripRoutes.js
FNF:0
FNH:0
DA:1,1
DA:2,1
DA:5,1
DA:8,1
DA:10,1
DA:11,1
DA:13,1
LF:7
LH:7
BRF:0
BRH:0
end_of_record
TN:
SF:routes/userRoutes.js
FNF:0
FNH:0
DA:1,1
DA:2,1
DA:5,1
DA:8,1
DA:10,1
DA:11,1
DA:12,1
DA:13,1
DA:14,1
DA:15,1
DA:17,1
LF:11
LH:11
BRF:0
BRH:0
end_of_record
